<?xml version="1.0" encoding="UTF-8"?>
<!-- Generated by org.testng.reporters.JUnitReportReporter -->
<testsuite hostname="LAPTOP-FMUIBJ8U" failures="0" tests="3" name="com.SwagLabs.TestCases.CartPageTestcase" time="7.120" errors="0" timestamp="2023-12-28T16:55:39 IST" skipped="0">
  <testcase classname="com.SwagLabs.TestCases.CartPageTestcase" name="verifyRemove" time="2.144"/>
  <system-out/>
  <testcase classname="com.SwagLabs.TestCases.CartPageTestcase" name="verifyContinueShopping" time="4.763"/>
  <system-out/>
  <testcase classname="com.SwagLabs.TestCases.CartPageTestcase" name="verifyCheckout" time="0.213"/>
  <system-out/>
</testsuite> <!-- com.SwagLabs.TestCases.CartPageTestcase -->
