<?xml version="1.0" encoding="UTF-8"?>
<!-- Generated by org.testng.reporters.JUnitReportReporter -->
<testsuite hostname="LAPTOP-FMUIBJ8U" failures="0" tests="3" name="com.SwagLabs.TestCases.InventoryPageTestcase" time="0.817" errors="0" timestamp="2023-12-28T15:12:51 IST" skipped="0">
  <testcase classname="com.SwagLabs.TestCases.InventoryPageTestcase" name="verifyProductCount" time="0.140"/>
  <system-out/>
  <testcase classname="com.SwagLabs.TestCases.InventoryPageTestcase" name="verifyProductname" time="0.270"/>
  <system-out/>
  <testcase classname="com.SwagLabs.TestCases.InventoryPageTestcase" name="verifyAddToCart" time="0.407"/>
  <system-out/>
</testsuite> <!-- com.SwagLabs.TestCases.InventoryPageTestcase -->
