<?xml version="1.0" encoding="UTF-8"?>
<!-- Generated by org.testng.reporters.JUnitReportReporter -->
<testsuite hostname="LAPTOP-FMUIBJ8U" failures="0" tests="2" name="com.SwagLabs.TestCases.CheckoutPageTestcase" time="3.406" errors="0" timestamp="2023-12-28T17:56:52 IST" skipped="0">
  <testcase classname="com.SwagLabs.TestCases.CheckoutPageTestcase" name="verifyCancel" time="2.399"/>
  <system-out/>
  <testcase classname="com.SwagLabs.TestCases.CheckoutPageTestcase" name="verifyCheckout" time="1.007"/>
  <system-out/>
</testsuite> <!-- com.SwagLabs.TestCases.CheckoutPageTestcase -->
