<?xml version="1.0" encoding="UTF-8"?>
<!-- Generated by org.testng.reporters.JUnitReportReporter -->
<testsuite hostname="LAPTOP-FMUIBJ8U" failures="0" tests="2" name="com.SwagLabs.TestCases.OverviewPageTestcase" time="1.042" errors="0" timestamp="2024-01-07T00:15:32 IST" skipped="0">
  <testcase classname="com.SwagLabs.TestCases.OverviewPageTestcase" name="verifySummary" time="0.517"/>
  <system-out/>
  <testcase classname="com.SwagLabs.TestCases.OverviewPageTestcase" name="verifyOvervuew" time="0.525"/>
  <system-out/>
</testsuite> <!-- com.SwagLabs.TestCases.OverviewPageTestcase -->
